# JRE version: OpenJDK Runtime Environment (21.0.5) (build 21.0.5+-12932927-b750.29)
# Java VM: OpenJDK 64-Bit Server VM (21.0.5+-12932927-b750.29, mixed mode, tiered, compressed oops, compressed class ptrs, g1 gc, windows-amd64)
GC Precious Log:
 CardTable entry size: 512
 Card Set container configuration: InlinePtr #cards 5 size 8 Array Of Cards #cards 12 size 40 Howl #buckets 4 coarsen threshold 1843 Howl Bitmap #cards 512 size 80 coarsen threshold 460 Card regions per heap region 1 cards per card region 2048
 CPUs: 16 total, 16 available
 Memory: 16004M
 Large Page Support: Disabled
 NUMA Support: Disabled
 Compressed Oops: Enabled (32-bit)
 Heap Region Size: 1M
 Heap Min Capacity: 8M
 Heap Initial Capacity: 252M
 Heap Max Capacity: 2G
 Pre-touch: Disabled
 Parallel Workers: 13
 Concurrent Workers: 3
 Concurrent Refinement Workers: 13
 Periodic GC: Disabled
Heap:
 garbage-first heap   total 236544K, used 182243K [0x0000000080000000, 0x0000000100000000)
  region size 1024K, 51 young (52224K), 4 survivors (4096K)
 Metaspace       used 143125K, committed 145600K, reserved 1179648K
  class space    used 19533K, committed 20800K, reserved 1048576K
GC Heap History (20 events):
Event: 7.279 GC heap before
{Heap before GC invocations=26 (full 0):
 garbage-first heap   total 171008K, used 152068K [0x0000000080000000, 0x0000000100000000)
  region size 1024K, 70 young (71680K), 10 survivors (10240K)
 Metaspace       used 96880K, committed 98880K, reserved 1179648K
  class space    used 13171K, committed 14144K, reserved 1048576K
}
Event: 7.283 GC heap after
{Heap after GC invocations=27 (full 0):
 garbage-first heap   total 171008K, used 91911K [0x0000000080000000, 0x0000000100000000)
  region size 1024K, 3 young (3072K), 3 survivors (3072K)
 Metaspace       used 96880K, committed 98880K, reserved 1179648K
  class space    used 13171K, committed 14144K, reserved 1048576K
}
Event: 7.726 GC heap before
{Heap before GC invocations=27 (full 0):
 garbage-first heap   total 171008K, used 156423K [0x0000000080000000, 0x0000000100000000)
  region size 1024K, 66 young (67584K), 3 survivors (3072K)
 Metaspace       used 101785K, committed 103872K, reserved 1179648K
  class space    used 13863K, committed 14912K, reserved 1048576K
}
Event: 7.730 GC heap after
{Heap after GC invocations=28 (full 0):
 garbage-first heap   total 171008K, used 94764K [0x0000000080000000, 0x0000000100000000)
  region size 1024K, 6 young (6144K), 6 survivors (6144K)
 Metaspace       used 101785K, committed 103872K, reserved 1179648K
  class space    used 13863K, committed 14912K, reserved 1048576K
}
Event: 8.178 GC heap before
{Heap before GC invocations=29 (full 0):
 garbage-first heap   total 171008K, used 154156K [0x0000000080000000, 0x0000000100000000)
  region size 1024K, 64 young (65536K), 6 survivors (6144K)
 Metaspace       used 107052K, committed 109248K, reserved 1179648K
  class space    used 14650K, committed 15744K, reserved 1048576K
}
Event: 8.184 GC heap after
{Heap after GC invocations=30 (full 0):
 garbage-first heap   total 171008K, used 97465K [0x0000000080000000, 0x0000000100000000)
  region size 1024K, 6 young (6144K), 6 survivors (6144K)
 Metaspace       used 107052K, committed 109248K, reserved 1179648K
  class space    used 14650K, committed 15744K, reserved 1048576K
}
Event: 8.592 GC heap before
{Heap before GC invocations=30 (full 0):
 garbage-first heap   total 171008K, used 153785K [0x0000000080000000, 0x0000000100000000)
  region size 1024K, 62 young (63488K), 6 survivors (6144K)
 Metaspace       used 110919K, committed 113152K, reserved 1179648K
  class space    used 15213K, committed 16320K, reserved 1048576K
}
Event: 8.598 GC heap after
{Heap after GC invocations=31 (full 0):
 garbage-first heap   total 236544K, used 101490K [0x0000000080000000, 0x0000000100000000)
  region size 1024K, 8 young (8192K), 8 survivors (8192K)
 Metaspace       used 110919K, committed 113152K, reserved 1179648K
  class space    used 15213K, committed 16320K, reserved 1048576K
}
Event: 9.117 GC heap before
{Heap before GC invocations=31 (full 0):
 garbage-first heap   total 236544K, used 204914K [0x0000000080000000, 0x0000000100000000)
  region size 1024K, 105 young (107520K), 8 survivors (8192K)
 Metaspace       used 114898K, committed 117120K, reserved 1179648K
  class space    used 15618K, committed 16704K, reserved 1048576K
}
Event: 9.123 GC heap after
{Heap after GC invocations=32 (full 0):
 garbage-first heap   total 236544K, used 109388K [0x0000000080000000, 0x0000000100000000)
  region size 1024K, 13 young (13312K), 13 survivors (13312K)
 Metaspace       used 114898K, committed 117120K, reserved 1179648K
  class space    used 15618K, committed 16704K, reserved 1048576K
}
Event: 10.306 GC heap before
{Heap before GC invocations=32 (full 0):
 garbage-first heap   total 236544K, used 208716K [0x0000000080000000, 0x0000000100000000)
  region size 1024K, 111 young (113664K), 13 survivors (13312K)
 Metaspace       used 116861K, committed 119168K, reserved 1179648K
  class space    used 15856K, committed 17024K, reserved 1048576K
}
Event: 10.319 GC heap after
{Heap after GC invocations=33 (full 0):
 garbage-first heap   total 236544K, used 116164K [0x0000000080000000, 0x0000000100000000)
  region size 1024K, 9 young (9216K), 9 survivors (9216K)
 Metaspace       used 116861K, committed 119168K, reserved 1179648K
  class space    used 15856K, committed 17024K, reserved 1048576K
}
Event: 10.596 GC heap before
{Heap before GC invocations=33 (full 0):
 garbage-first heap   total 236544K, used 174532K [0x0000000080000000, 0x0000000100000000)
  region size 1024K, 68 young (69632K), 9 survivors (9216K)
 Metaspace       used 118339K, committed 120640K, reserved 1179648K
  class space    used 15999K, committed 17152K, reserved 1048576K
}
Event: 10.600 GC heap after
{Heap after GC invocations=34 (full 0):
 garbage-first heap   total 236544K, used 120749K [0x0000000080000000, 0x0000000100000000)
  region size 1024K, 7 young (7168K), 7 survivors (7168K)
 Metaspace       used 118339K, committed 120640K, reserved 1179648K
  class space    used 15999K, committed 17152K, reserved 1048576K
}
Event: 12.898 GC heap before
{Heap before GC invocations=35 (full 0):
 garbage-first heap   total 236544K, used 215981K [0x0000000080000000, 0x0000000100000000)
  region size 1024K, 99 young (101376K), 7 survivors (7168K)
 Metaspace       used 124409K, committed 126848K, reserved 1179648K
  class space    used 16643K, committed 17856K, reserved 1048576K
}
Event: 12.901 GC heap after
{Heap after GC invocations=36 (full 0):
 garbage-first heap   total 236544K, used 123635K [0x0000000080000000, 0x0000000100000000)
  region size 1024K, 10 young (10240K), 10 survivors (10240K)
 Metaspace       used 124409K, committed 126848K, reserved 1179648K
  class space    used 16643K, committed 17856K, reserved 1048576K
}
Event: 13.493 GC heap before
{Heap before GC invocations=36 (full 0):
 garbage-first heap   total 236544K, used 212723K [0x0000000080000000, 0x0000000100000000)
  region size 1024K, 96 young (98304K), 10 survivors (10240K)
 Metaspace       used 131863K, committed 134336K, reserved 1179648K
  class space    used 17799K, committed 19072K, reserved 1048576K
}
Event: 13.501 GC heap after
{Heap after GC invocations=37 (full 0):
 garbage-first heap   total 236544K, used 130931K [0x0000000080000000, 0x0000000100000000)
  region size 1024K, 12 young (12288K), 12 survivors (12288K)
 Metaspace       used 131863K, committed 134336K, reserved 1179648K
  class space    used 17799K, committed 19072K, reserved 1048576K
}
Event: 13.869 GC heap before
{Heap before GC invocations=37 (full 0):
 garbage-first heap   total 236544K, used 209779K [0x0000000080000000, 0x0000000100000000)
  region size 1024K, 90 young (92160K), 12 survivors (12288K)
 Metaspace       used 139485K, committed 141952K, reserved 1179648K
  class space    used 18911K, committed 20160K, reserved 1048576K
}
Event: 13.875 GC heap after
{Heap after GC invocations=38 (full 0):
 garbage-first heap   total 236544K, used 135139K [0x0000000080000000, 0x0000000100000000)
  region size 1024K, 4 young (4096K), 4 survivors (4096K)
 Metaspace       used 139485K, committed 141952K, reserved 1179648K
  class space    used 18911K, committed 20160K, reserved 1048576K
}

