# JRE version: OpenJDK Runtime Environment (21.0.5) (build 21.0.5+-12932927-b750.29)
# Java VM: OpenJDK 64-Bit Server VM (21.0.5+-12932927-b750.29, mixed mode, tiered, compressed oops, compressed class ptrs, g1 gc, windows-amd64)
GC Precious Log:
 CardTable entry size: 512
 Card Set container configuration: InlinePtr #cards 5 size 8 Array Of Cards #cards 12 size 40 Howl #buckets 4 coarsen threshold 1843 Howl Bitmap #cards 512 size 80 coarsen threshold 460 Card regions per heap region 1 cards per card region 2048
 CPUs: 16 total, 16 available
 Memory: 16004M
 Large Page Support: Disabled
 NUMA Support: Disabled
 Compressed Oops: Enabled (32-bit)
 Heap Region Size: 1M
 Heap Min Capacity: 8M
 Heap Initial Capacity: 252M
 Heap Max Capacity: 2G
 Pre-touch: Disabled
 Parallel Workers: 13
 Concurrent Workers: 3
 Concurrent Refinement Workers: 13
 Periodic GC: Disabled
Heap:
 garbage-first heap   total 348160K, used 304353K [0x0000000080000000, 0x0000000100000000)
  region size 1024K, 127 young (130048K), 4 survivors (4096K)
 Metaspace       used 156904K, committed 160256K, reserved 1245184K
  class space    used 20743K, committed 22528K, reserved 1048576K
GC Heap History (20 events):
Event: 1835.835 GC heap before
{Heap before GC invocations=69 (full 0):
 garbage-first heap   total 321536K, used 299569K [0x0000000080000000, 0x0000000100000000)
  region size 1024K, 119 young (121856K), 5 survivors (5120K)
 Metaspace       used 154037K, committed 156608K, reserved 1245184K
  class space    used 20959K, committed 22272K, reserved 1048576K
}
Event: 1835.846 GC heap after
{Heap after GC invocations=70 (full 0):
 garbage-first heap   total 342016K, used 204970K [0x0000000080000000, 0x0000000100000000)
  region size 1024K, 15 young (15360K), 15 survivors (15360K)
 Metaspace       used 154037K, committed 156608K, reserved 1245184K
  class space    used 20959K, committed 22272K, reserved 1048576K
}
Event: 1835.900 GC heap before
{Heap before GC invocations=70 (full 0):
 garbage-first heap   total 342016K, used 212138K [0x0000000080000000, 0x0000000100000000)
  region size 1024K, 24 young (24576K), 15 survivors (15360K)
 Metaspace       used 154140K, committed 156736K, reserved 1245184K
  class space    used 20964K, committed 22272K, reserved 1048576K
}
Event: 1835.905 GC heap after
{Heap after GC invocations=71 (full 0):
 garbage-first heap   total 342016K, used 210040K [0x0000000080000000, 0x0000000100000000)
  region size 1024K, 4 young (4096K), 4 survivors (4096K)
 Metaspace       used 154140K, committed 156736K, reserved 1245184K
  class space    used 20964K, committed 22272K, reserved 1048576K
}
Event: 1836.394 GC heap before
{Heap before GC invocations=72 (full 0):
 garbage-first heap   total 345088K, used 311416K [0x0000000080000000, 0x0000000100000000)
  region size 1024K, 93 young (95232K), 4 survivors (4096K)
 Metaspace       used 155659K, committed 158144K, reserved 1245184K
  class space    used 21076K, committed 22336K, reserved 1048576K
}
Event: 1836.400 GC heap after
{Heap after GC invocations=73 (full 0):
 garbage-first heap   total 345088K, used 209384K [0x0000000080000000, 0x0000000100000000)
  region size 1024K, 12 young (12288K), 12 survivors (12288K)
 Metaspace       used 155659K, committed 158144K, reserved 1245184K
  class space    used 21076K, committed 22336K, reserved 1048576K
}
Event: 1836.576 GC heap before
{Heap before GC invocations=73 (full 0):
 garbage-first heap   total 345088K, used 303592K [0x0000000080000000, 0x0000000100000000)
  region size 1024K, 105 young (107520K), 12 survivors (12288K)
 Metaspace       used 156937K, committed 159488K, reserved 1245184K
  class space    used 21176K, committed 22464K, reserved 1048576K
}
Event: 1836.584 GC heap after
{Heap after GC invocations=74 (full 0):
 garbage-first heap   total 345088K, used 185414K [0x0000000080000000, 0x0000000100000000)
  region size 1024K, 5 young (5120K), 5 survivors (5120K)
 Metaspace       used 156937K, committed 159488K, reserved 1245184K
  class space    used 21176K, committed 22464K, reserved 1048576K
}
Event: 1906.549 GC heap before
{Heap before GC invocations=74 (full 0):
 garbage-first heap   total 345088K, used 302150K [0x0000000080000000, 0x0000000100000000)
  region size 1024K, 120 young (122880K), 5 survivors (5120K)
 Metaspace       used 157607K, committed 160128K, reserved 1245184K
  class space    used 21232K, committed 22528K, reserved 1048576K
}
Event: 1906.553 GC heap after
{Heap after GC invocations=75 (full 0):
 garbage-first heap   total 345088K, used 191950K [0x0000000080000000, 0x0000000100000000)
  region size 1024K, 12 young (12288K), 12 survivors (12288K)
 Metaspace       used 157607K, committed 160128K, reserved 1245184K
  class space    used 21232K, committed 22528K, reserved 1048576K
}
Event: 1907.076 GC heap before
{Heap before GC invocations=76 (full 0):
 garbage-first heap   total 345088K, used 305614K [0x0000000080000000, 0x0000000100000000)
  region size 1024K, 125 young (128000K), 12 survivors (12288K)
 Metaspace       used 155201K, committed 160128K, reserved 1245184K
  class space    used 20623K, committed 22528K, reserved 1048576K
}
Event: 1907.087 GC heap after
{Heap after GC invocations=77 (full 0):
 garbage-first heap   total 348160K, used 205824K [0x0000000080000000, 0x0000000100000000)
  region size 1024K, 16 young (16384K), 16 survivors (16384K)
 Metaspace       used 155201K, committed 160128K, reserved 1245184K
  class space    used 20623K, committed 22528K, reserved 1048576K
}
Event: 1907.203 GC heap before
{Heap before GC invocations=77 (full 0):
 garbage-first heap   total 348160K, used 312320K [0x0000000080000000, 0x0000000100000000)
  region size 1024K, 106 young (108544K), 16 survivors (16384K)
 Metaspace       used 155273K, committed 160128K, reserved 1245184K
  class space    used 20623K, committed 22528K, reserved 1048576K
}
Event: 1907.212 GC heap after
{Heap after GC invocations=78 (full 0):
 garbage-first heap   total 348160K, used 188799K [0x0000000080000000, 0x0000000100000000)
  region size 1024K, 9 young (9216K), 9 survivors (9216K)
 Metaspace       used 155273K, committed 160128K, reserved 1245184K
  class space    used 20623K, committed 22528K, reserved 1048576K
}
Event: 1908.336 GC heap before
{Heap before GC invocations=78 (full 0):
 garbage-first heap   total 348160K, used 298367K [0x0000000080000000, 0x0000000100000000)
  region size 1024K, 117 young (119808K), 9 survivors (9216K)
 Metaspace       used 155421K, committed 160192K, reserved 1245184K
  class space    used 20623K, committed 22528K, reserved 1048576K
}
Event: 1908.345 GC heap after
{Heap after GC invocations=79 (full 0):
 garbage-first heap   total 348160K, used 173986K [0x0000000080000000, 0x0000000100000000)
  region size 1024K, 5 young (5120K), 5 survivors (5120K)
 Metaspace       used 155421K, committed 160192K, reserved 1245184K
  class space    used 20623K, committed 22528K, reserved 1048576K
}
Event: 1908.616 GC heap before
{Heap before GC invocations=79 (full 0):
 garbage-first heap   total 348160K, used 214946K [0x0000000080000000, 0x0000000100000000)
  region size 1024K, 47 young (48128K), 5 survivors (5120K)
 Metaspace       used 155453K, committed 160192K, reserved 1245184K
  class space    used 20623K, committed 22528K, reserved 1048576K
}
Event: 1908.618 GC heap after
{Heap after GC invocations=80 (full 0):
 garbage-first heap   total 348160K, used 174163K [0x0000000080000000, 0x0000000100000000)
  region size 1024K, 6 young (6144K), 6 survivors (6144K)
 Metaspace       used 155453K, committed 160192K, reserved 1245184K
  class space    used 20623K, committed 22528K, reserved 1048576K
}
Event: 2086.288 GC heap before
{Heap before GC invocations=81 (full 0):
 garbage-first heap   total 348160K, used 316499K [0x0000000080000000, 0x0000000100000000)
  region size 1024K, 134 young (137216K), 6 survivors (6144K)
 Metaspace       used 155912K, committed 160192K, reserved 1245184K
  class space    used 20623K, committed 22528K, reserved 1048576K
}
Event: 2086.292 GC heap after
{Heap after GC invocations=82 (full 0):
 garbage-first heap   total 348160K, used 165089K [0x0000000080000000, 0x0000000100000000)
  region size 1024K, 4 young (4096K), 4 survivors (4096K)
 Metaspace       used 155912K, committed 160192K, reserved 1245184K
  class space    used 20623K, committed 22528K, reserved 1048576K
}

