# JRE version: OpenJDK Runtime Environment (21.0.5) (build 21.0.5+-12932927-b750.29)
# Java VM: OpenJDK 64-Bit Server VM (21.0.5+-12932927-b750.29, mixed mode, tiered, compressed oops, compressed class ptrs, g1 gc, windows-amd64)
GC Precious Log:
 CardTable entry size: 512
 Card Set container configuration: InlinePtr #cards 5 size 8 Array Of Cards #cards 12 size 40 Howl #buckets 4 coarsen threshold 1843 Howl Bitmap #cards 512 size 80 coarsen threshold 460 Card regions per heap region 1 cards per card region 2048
 CPUs: 16 total, 16 available
 Memory: 16004M
 Large Page Support: Disabled
 NUMA Support: Disabled
 Compressed Oops: Enabled (32-bit)
 Heap Region Size: 1M
 Heap Min Capacity: 8M
 Heap Initial Capacity: 252M
 Heap Max Capacity: 2G
 Pre-touch: Disabled
 Parallel Workers: 13
 Concurrent Workers: 3
 Concurrent Refinement Workers: 13
 Periodic GC: Disabled
Heap:
 garbage-first heap   total 234496K, used 199507K [0x0000000080000000, 0x0000000100000000)
  region size 1024K, 110 young (112640K), 15 survivors (15360K)
 Metaspace       used 112123K, committed 114368K, reserved 1179648K
  class space    used 15384K, committed 16512K, reserved 1048576K
GC Heap History (20 events):
Event: 4.496 GC heap before
{Heap before GC invocations=18 (full 0):
 garbage-first heap   total 122880K, used 47945K [0x0000000080000000, 0x0000000100000000)
  region size 1024K, 8 young (8192K), 7 survivors (7168K)
 Metaspace       used 67289K, committed 68928K, reserved 1114112K
  class space    used 9085K, committed 9920K, reserved 1048576K
}
Event: 4.498 GC heap after
{Heap after GC invocations=19 (full 0):
 garbage-first heap   total 148480K, used 48166K [0x0000000080000000, 0x0000000100000000)
  region size 1024K, 5 young (5120K), 5 survivors (5120K)
 Metaspace       used 67289K, committed 68928K, reserved 1114112K
  class space    used 9085K, committed 9920K, reserved 1048576K
}
Event: 4.503 GC heap before
{Heap before GC invocations=19 (full 0):
 garbage-first heap   total 148480K, used 49190K [0x0000000080000000, 0x0000000100000000)
  region size 1024K, 6 young (6144K), 5 survivors (5120K)
 Metaspace       used 67292K, committed 68928K, reserved 1114112K
  class space    used 9085K, committed 9920K, reserved 1048576K
}
Event: 4.504 GC heap after
{Heap after GC invocations=20 (full 0):
 garbage-first heap   total 148480K, used 49230K [0x0000000080000000, 0x0000000100000000)
  region size 1024K, 5 young (5120K), 5 survivors (5120K)
 Metaspace       used 67292K, committed 68928K, reserved 1114112K
  class space    used 9085K, committed 9920K, reserved 1048576K
}
Event: 5.128 GC heap before
{Heap before GC invocations=21 (full 0):
 garbage-first heap   total 148480K, used 142414K [0x0000000080000000, 0x0000000100000000)
  region size 1024K, 83 young (84992K), 5 survivors (5120K)
 Metaspace       used 73989K, committed 75712K, reserved 1179648K
  class space    used 9903K, committed 10752K, reserved 1048576K
}
Event: 5.133 GC heap after
{Heap after GC invocations=22 (full 0):
 garbage-first heap   total 156672K, used 69619K [0x0000000080000000, 0x0000000100000000)
  region size 1024K, 11 young (11264K), 11 survivors (11264K)
 Metaspace       used 73989K, committed 75712K, reserved 1179648K
  class space    used 9903K, committed 10752K, reserved 1048576K
}
Event: 5.598 GC heap before
{Heap before GC invocations=22 (full 0):
 garbage-first heap   total 156672K, used 140275K [0x0000000080000000, 0x0000000100000000)
  region size 1024K, 75 young (76800K), 11 survivors (11264K)
 Metaspace       used 79598K, committed 81536K, reserved 1179648K
  class space    used 10680K, committed 11648K, reserved 1048576K
}
Event: 5.603 GC heap after
{Heap after GC invocations=23 (full 0):
 garbage-first heap   total 159744K, used 76925K [0x0000000080000000, 0x0000000100000000)
  region size 1024K, 7 young (7168K), 7 survivors (7168K)
 Metaspace       used 79598K, committed 81536K, reserved 1179648K
  class space    used 10680K, committed 11648K, reserved 1048576K
}
Event: 6.078 GC heap before
{Heap before GC invocations=23 (full 0):
 garbage-first heap   total 159744K, used 141437K [0x0000000080000000, 0x0000000100000000)
  region size 1024K, 71 young (72704K), 7 survivors (7168K)
 Metaspace       used 85914K, committed 87744K, reserved 1179648K
  class space    used 11487K, committed 12416K, reserved 1048576K
}
Event: 6.083 GC heap after
{Heap after GC invocations=24 (full 0):
 garbage-first heap   total 159744K, used 79667K [0x0000000080000000, 0x0000000100000000)
  region size 1024K, 4 young (4096K), 4 survivors (4096K)
 Metaspace       used 85914K, committed 87744K, reserved 1179648K
  class space    used 11487K, committed 12416K, reserved 1048576K
}
Event: 6.530 GC heap before
{Heap before GC invocations=25 (full 0):
 garbage-first heap   total 159744K, used 148275K [0x0000000080000000, 0x0000000100000000)
  region size 1024K, 68 young (69632K), 4 survivors (4096K)
 Metaspace       used 89479K, committed 91392K, reserved 1179648K
  class space    used 11991K, committed 12928K, reserved 1048576K
}
Event: 6.534 GC heap after
{Heap after GC invocations=26 (full 0):
 garbage-first heap   total 159744K, used 88316K [0x0000000080000000, 0x0000000100000000)
  region size 1024K, 9 young (9216K), 9 survivors (9216K)
 Metaspace       used 89479K, committed 91392K, reserved 1179648K
  class space    used 11991K, committed 12928K, reserved 1048576K
}
Event: 6.872 GC heap before
{Heap before GC invocations=26 (full 0):
 garbage-first heap   total 159744K, used 140540K [0x0000000080000000, 0x0000000100000000)
  region size 1024K, 60 young (61440K), 9 survivors (9216K)
 Metaspace       used 93139K, committed 95040K, reserved 1179648K
  class space    used 12486K, committed 13440K, reserved 1048576K
}
Event: 6.877 GC heap after
{Heap after GC invocations=27 (full 0):
 garbage-first heap   total 159744K, used 89323K [0x0000000080000000, 0x0000000100000000)
  region size 1024K, 3 young (3072K), 3 survivors (3072K)
 Metaspace       used 93139K, committed 95040K, reserved 1179648K
  class space    used 12486K, committed 13440K, reserved 1048576K
}
Event: 7.289 GC heap before
{Heap before GC invocations=27 (full 0):
 garbage-first heap   total 159744K, used 146667K [0x0000000080000000, 0x0000000100000000)
  region size 1024K, 59 young (60416K), 3 survivors (3072K)
 Metaspace       used 97872K, committed 99968K, reserved 1179648K
  class space    used 13301K, committed 14336K, reserved 1048576K
}
Event: 7.293 GC heap after
{Heap after GC invocations=28 (full 0):
 garbage-first heap   total 234496K, used 91116K [0x0000000080000000, 0x0000000100000000)
  region size 1024K, 4 young (4096K), 4 survivors (4096K)
 Metaspace       used 97872K, committed 99968K, reserved 1179648K
  class space    used 13301K, committed 14336K, reserved 1048576K
}
Event: 8.028 GC heap before
{Heap before GC invocations=29 (full 0):
 garbage-first heap   total 234496K, used 193516K [0x0000000080000000, 0x0000000100000000)
  region size 1024K, 104 young (106496K), 4 survivors (4096K)
 Metaspace       used 106343K, committed 108480K, reserved 1179648K
  class space    used 14556K, committed 15616K, reserved 1048576K
}
Event: 8.033 GC heap after
{Heap after GC invocations=30 (full 0):
 garbage-first heap   total 234496K, used 96256K [0x0000000080000000, 0x0000000100000000)
  region size 1024K, 9 young (9216K), 9 survivors (9216K)
 Metaspace       used 106343K, committed 108480K, reserved 1179648K
  class space    used 14556K, committed 15616K, reserved 1048576K
}
Event: 8.676 GC heap before
{Heap before GC invocations=30 (full 0):
 garbage-first heap   total 234496K, used 208896K [0x0000000080000000, 0x0000000100000000)
  region size 1024K, 120 young (122880K), 9 survivors (9216K)
 Metaspace       used 111397K, committed 113600K, reserved 1179648K
  class space    used 15292K, committed 16384K, reserved 1048576K
}
Event: 8.682 GC heap after
{Heap after GC invocations=31 (full 0):
 garbage-first heap   total 234496K, used 104275K [0x0000000080000000, 0x0000000100000000)
  region size 1024K, 15 young (15360K), 15 survivors (15360K)
 Metaspace       used 111397K, committed 113600K, reserved 1179648K
  class space    used 15292K, committed 16384K, reserved 1048576K
}

